Log file open, 03/02/15 13:33:01
LogInit:Display: Running engine for game: LingMartinGameDev
LogInit: Version: 4.6.1-2386410+++depot+UE4-Releases+4.6
LogInit: API Version: 2369412
LogInit: Compiled (64-bit): Dec 11 2014 21:31:39
LogInit: Compiled with Visual C++: 18.00.21005.01
LogInit: Build Configuration: Development
LogInit: Branch Name: ++depot+UE4-Releases+4.6
LogInit: Command line: 
LogInit: Base directory: C:/Program Files/Epic Games/4.6/Engine/Binaries/Win64/
LogInit: Rocket: 1
[2015.03.02-19.33.01:610][  0]LogTaskGraph: Started task graph with 3 named threads and 6 total threads.
[2015.03.02-19.33.01:677][  0]LogOnline:Warning: No default platform service specified for OnlineSubsystem
[2015.03.02-19.33.01:725][  0]LogInit: Presizing for 0 objects not considered by GC, pre-allocating 0 bytes.
[2015.03.02-19.33.01:747][  0]LogInit: Object subsystem initialized
[2015.03.02-19.33.01:758][  0]LogInit: Selected Device Profile: [Windows]
[2015.03.02-19.33.01:758][  0]LogInit: Applying CVar settings loaded from the selected device profile: [Windows]
[2015.03.02-19.33.01:764][  0]LogInit: Computer: TC-CT-8-12
[2015.03.02-19.33.01:764][  0]LogInit: User: sooners
[2015.03.02-19.33.01:764][  0]LogInit: CPU Page size=4096, Cores=4
[2015.03.02-19.33.01:764][  0]LogInit: High frequency timer resolution =3.507176 MHz
[2015.03.02-19.33.01:764][  0]LogMemory: Memory total: Physical=15.9GB (16GB approx) Virtual=131072.0GB
[2015.03.02-19.33.01:764][  0]LogMemory: Platform Memory Stats for Windows
[2015.03.02-19.33.01:764][  0]LogMemory: Process Physical Memory: 46.29 MB used, 46.29 MB peak
[2015.03.02-19.33.01:764][  0]LogMemory: Process Virtual Memory: 22.28 MB used, 22.28 MB peak
[2015.03.02-19.33.01:764][  0]LogMemory: Physical Memory: 3575.56 MB used, 16309.73 MB total
[2015.03.02-19.33.01:764][  0]LogMemory: Virtual Memory: 270.37 MB used, 134217728.00 MB total
[2015.03.02-19.33.01:788][  0]LogD3D11RHI: Found D3D11 adapter 0: ATI FirePro V(FireGL V) Graphics Adapter (Feature Level 11_0)
[2015.03.02-19.33.01:788][  0]LogD3D11RHI: Adapter has 4070MB of dedicated video memory, 0MB of dedicated system memory, and 7936MB of shared system memory, 2 output[s]
[2015.03.02-19.33.01:789][  0]LogD3D11RHI: Found D3D11 adapter 1: Microsoft Basic Render Driver (Feature Level 11_0)
[2015.03.02-19.33.01:789][  0]LogD3D11RHI: Adapter has 0MB of dedicated video memory, 0MB of dedicated system memory, and 256MB of shared system memory, 0 output[s]
[2015.03.02-19.33.01:789][  0]LogD3D11RHI: Chosen D3D11 Adapter Id = 0
[2015.03.02-19.33.01:792][  0]LogRHI: Texture pool is 1361 MB (70% of 1945 MB)
[2015.03.02-19.33.01:807][  0]LogD3D11RHI: Async texture creation disabled: no driver support
[2015.03.02-19.33.01:885][  0]LogTextLocalizationManager: The requested culture ('en_US') has no localization data; parent culture's ('en') localization data will be used.
[2015.03.02-19.33.02:054][  0]LogContentStreaming: Texture pool size is 0.000000MB
[2015.03.02-19.33.07:077][  0]LogTargetPlatformManager:Display: Building Assets For Windows
[2015.03.02-19.33.07:517][  0]LogTargetPlatformManager:Display: Building Assets For Windows
[2015.03.02-19.33.07:560][  0]LogDerivedDataCache:Display: Max Cache Size: 512 MB
[2015.03.02-19.33.07:594][  0]LogDerivedDataCache: Loaded boot cache 0.03s 39MB C:/Users/sooners/AppData/Local/UnrealEngine/4.6/DerivedDataCache/Boot.ddc.
[2015.03.02-19.33.07:595][  0]LogDerivedDataCache:Display: Loaded Boot cache: C:/Users/sooners/AppData/Local/UnrealEngine/4.6/DerivedDataCache/Boot.ddc
[2015.03.02-19.33.07:595][  0]LogDerivedDataCache: FDerivedDataBackendGraph:  Pak pak cache file ../../../../../../Unreal/LingMartinGameDev/LingMartinGameDev/DerivedDataCache/DDC.ddp not found, will not use a pak cache.
[2015.03.02-19.33.07:595][  0]LogDerivedDataCache: Unable to find inner node Pak for hierarchical cache Hierarchy.
[2015.03.02-19.33.07:652][  0]LogDerivedDataCache:Display: Pak cache opened for reading ../../../Engine/DerivedDataCache/DDC.ddp.
[2015.03.02-19.33.07:664][  0]LogDerivedDataCache: Using Local data cache path C:/Users/sooners/AppData/Local/UnrealEngine/Common/DerivedDataCache: Writable
[2015.03.02-19.33.07:786][  0]LogCollisionProfile:Warning: Profile (UI) - Custom Channel Name = 'Weapon' hasn't been found
[2015.03.02-19.33.07:921][  0]LogMeshUtilities: No automatic mesh reduction module available
[2015.03.02-19.33.07:921][  0]LogMeshUtilities: No automatic mesh merging module available
[2015.03.02-19.33.08:306][  0]LogInit: WinSock: version 1.1 (2.2), MaxSocks=32767, MaxUdp=65467
[2015.03.02-19.33.08:357][  0]LogSlate:Warning: Failed to load font data from '../../../Engine/Content/Slate/Fonts/Roboto-Italic.ttf'
[2015.03.02-19.33.09:175][  0]UdpMessaging: Initializing bridge on interface 0.0.0.0:0 to multicast group 230.0.0.1:6666.
[2015.03.02-19.33.09:316][  0]LogDirectoryWatcher:Warning: Failed to begin reading directory changes for C:/Unreal/LingMartinGameDev/LingMartinGameDev/Binaries/Win64. Error: 0
[2015.03.02-19.33.09:438][  0]SourceControl: Info Source control is disabled
[2015.03.02-19.33.09:439][  0]SourceControl: Info Source control is disabled
[2015.03.02-19.33.09:444][  0]SourceControl: Info Source control is disabled
[2015.03.02-19.33.09:548][  0]LogObj: 23754 objects as part of root set at end of initial load.
[2015.03.02-19.33.09:548][  0]LogUObjectAllocator: 5168136 out of 0 bytes used by permanent object pool.
[2015.03.02-19.33.09:597][  0]LogEngine: Initializing Engine...
[2015.03.02-19.33.09:736][  0]LogInit: XAudio2 using '1 - DELL P2314T (AMD High Definition Audio Device)' : 2 channels at 48 kHz using 16 bits per sample (channel mask 0x3)
[2015.03.02-19.33.09:754][  0]LogInit: FAudioDevice initialized.
[2015.03.02-19.33.09:771][  0]LogAIModule: Creating AISystem for world NewWorld
[2015.03.02-19.33.09:788][  0]LogDerivedDataCache: Saved boot cache 0.02s 39MB C:/Users/sooners/AppData/Local/UnrealEngine/4.6/DerivedDataCache/Boot.ddc.
[2015.03.02-19.33.09:794][  0]LogInit: Texture streaming: Enabled
[2015.03.02-19.33.09:816][  0]LogAnalytics: Creating configured Analytics provider AnalyticsET
[2015.03.02-19.33.09:816][  0]LogAnalytics: ET APIKey = Rocket.Release. APIServer = http://et2.epicgames.com/ET2/. AppVersion = 4.6.1-2386410+++depot+UE4-Releases+4.6
[2015.03.02-19.33.09:817][  0]LogAnalytics: SetUserId ed988344976a76f8e0682d7739348ec0
[2015.03.02-19.33.09:817][  0]LogAnalytics: AnalyticsET::StartSession [Rocket.Release]
[2015.03.02-19.33.09:952][  0]LogInit: Transaction tracking system initialized
[2015.03.02-19.33.10:058][  0]BlueprintLog: New page: Editor Load
[2015.03.02-19.33.10:084][  0]LogAssetRegistry: FAssetRegistry took 0.0107 seconds to start up
[2015.03.02-19.33.10:084][  0]LogDirectoryWatcher:Warning: Failed to begin reading directory changes for ../../../Engine/Plugins/Experimental/CharacterAI/Content/. Error: 0
[2015.03.02-19.33.10:670][  0]LogTargetPlatformManager:Display: Building Assets For Windows
[2015.03.02-19.33.11:052][  0]LogTargetPlatformManager:Display: Building Assets For Windows
[2015.03.02-19.33.12:304][  0]LogConsoleResponse:Display: 
[2015.03.02-19.33.12:345][  0]LogLinker:Warning: Asset '../../../Engine/Content/Functions/Engine_MaterialFunctions03/Procedurals/ComputeFilterWidth.uasset' has been saved with empty engine version. The asset will be loaded but may be incompatible.
[2015.03.02-19.33.12:507][  0]SourceControl: Info Source control is disabled
[2015.03.02-19.33.12:507][  0]Cmd: MAP LOAD FILE="../../../../../../Unreal/LingMartinGameDev/LingMartinGameDev/Content/Maps/Example_Map.umap" TEMPLATE=0 SHOWPROGRESS=1
[2015.03.02-19.33.12:508][  0]LightingResults: New page: Lighting Build
[2015.03.02-19.33.12:515][  0]MapCheck: New page: Map Check
[2015.03.02-19.33.12:515][  0]LightingResults: New page: Lighting Build
[2015.03.02-19.33.12:523][  0]LogParticles: Destroying 0 GPU particle simulations for FXSystem 0x000000A1373A9940
[2015.03.02-19.33.12:882][  0]LogTexture:Display: Building textures: HQ_Lightmap0_1 (AutoDXT)
[2015.03.02-19.33.13:005][  0]LogTexture:Display: Building textures: HQ_Lightmap0_2 (AutoDXT)
[2015.03.02-19.33.13:012][  0]LogTexture:Display: Building textures: HQ_Lightmap1_2 (AutoDXT)
[2015.03.02-19.33.13:028][  0]LogTexture:Display: Building textures: LQ_Lightmap_0_1 (DXT1)
[2015.03.02-19.33.13:084][  0]LogTexture:Display: Building textures: LQ_Lightmap_1_2 (DXT1)
[2015.03.02-19.33.13:096][  0]LogTexture:Display: Building textures: ShadowMapTexture2D_0 (BGRA8)
[2015.03.02-19.33.13:122][  0]LogTexture:Display: Building textures: ShadowMapTexture2D_1 (BGRA8)
[2015.03.02-19.33.13:123][  0]LogTexture:Display: Building textures: ShadowMapTexture2D_2 (BGRA8)
[2015.03.02-19.33.13:129][  0]LogEditorServer: Finished looking for orphan Actors (0.000 secs)
[2015.03.02-19.33.13:129][  0]LogAIModule: Creating AISystem for world Example_Map
[2015.03.02-19.33.13:130][  0]Cmd: MAP CHECKDEP
[2015.03.02-19.33.13:130][  0]MapCheck: New page: Example_Map - Mar 2, 2015, 7:33:13 AM
[2015.03.02-19.33.13:206][  0]MapCheck: Info Map check complete: 0 Error(s), 0 Warning(s), took 76.324ms to complete.
[2015.03.02-19.33.13:206][  0]LogFileHelpers: Loading map 'Example_Map' took 0.698
[2015.03.02-19.33.13:398][  0]LogCollectionManager: Loaded 0 collections in 0.004319 seconds
[2015.03.02-19.33.13:615][  0]LogCrashTracker: Crashtracker disabled due to settings.
[2015.03.02-19.33.13:655][  0]LogLoad: Full Startup: 13.86 seconds (BP compile: 0.04 seconds)
[2015.03.02-19.33.14:114][  0]LogPackageName: SearchForPackageOnDisk took   0.065s to resolve LevelEditor.TutorialLaunchButton
[2015.03.02-19.33.14:114][  0]LogUObjectGlobals:Warning: LoadPackage can't find package LevelEditor.TutorialLaunchButton.
[2015.03.02-19.33.14:177][  0]LogPackageName: SearchForPackageOnDisk took   0.064s to resolve 
[2015.03.02-19.33.14:177][  0]LogUObjectGlobals:Warning: LoadPackage can't find package .
[2015.03.02-19.33.14:278][  0]LogRenderer:Warning: Reallocating scene render targets to support 1136x904.
[2015.03.02-19.33.15:248][  3]LogAssetRegistry: Asset discovery search completed in 5.1745 seconds
[2015.03.02-19.38.58:623][144]LogPackageName: SearchForPackageOnDisk took   0.064s to resolve LevelEditor.TutorialLaunchButton
[2015.03.02-19.38.58:623][144]LogUObjectGlobals:Warning: LoadPackage can't find package LevelEditor.TutorialLaunchButton.
[2015.03.02-19.38.58:683][144]LogPackageName: SearchForPackageOnDisk took   0.061s to resolve 
[2015.03.02-19.38.58:683][144]LogUObjectGlobals:Warning: LoadPackage can't find package .
[2015.03.02-19.39.26:162][ 83]Cmd: CLOSE_SLATE_MAINFRAME
[2015.03.02-19.39.26:748][ 84]Cmd: QUIT_EDITOR
[2015.03.02-19.39.27:145][ 84]LogExit: Preparing to exit.
[2015.03.02-19.39.27:417][ 84]LogExit: Editor shut down
[2015.03.02-19.39.27:417][ 84]LogExit: Transaction tracking system shut down
[2015.03.02-19.39.27:418][ 84]LogParticles: Destroying 0 GPU particle simulations for FXSystem 0x000000A13B2CF740
[2015.03.02-19.39.27:437][ 84]LogExit: Object subsystem successfully closed.
[2015.03.02-19.39.27:486][ 84]LogModuleManager: Shutting down and abandoning module AndroidDeviceDetection (172)
[2015.03.02-19.39.27:486][ 84]LogModuleManager: Shutting down and abandoning module CrashTracker (171)
[2015.03.02-19.39.27:486][ 84]LogModuleManager: Shutting down and abandoning module SuperSearch (170)
[2015.03.02-19.39.27:486][ 84]LogModuleManager: Shutting down and abandoning module SceneOutliner (169)
[2015.03.02-19.39.27:486][ 84]LogModuleManager: Shutting down and abandoning module EditorWidgets (168)
[2015.03.02-19.39.27:486][ 84]LogModuleManager: Shutting down and abandoning module CollectionManager (167)
[2015.03.02-19.39.27:486][ 84]LogModuleManager: Shutting down and abandoning module StatsViewer (166)
[2015.03.02-19.39.27:486][ 84]LogModuleManager: Shutting down and abandoning module FoliageEdit (165)
[2015.03.02-19.39.27:486][ 84]LogModuleManager: Shutting down and abandoning module LandscapeEditor (164)
[2015.03.02-19.39.27:486][ 84]LogModuleManager: Shutting down and abandoning module MeshPaint (163)
[2015.03.02-19.39.27:486][ 84]LogModuleManager: Shutting down and abandoning module ActorPickerMode (162)
[2015.03.02-19.39.27:486][ 84]LogModuleManager: Shutting down and abandoning module GeometryMode (161)
[2015.03.02-19.39.27:486][ 84]LogModuleManager: Shutting down and abandoning module TextureAlignMode (160)
[2015.03.02-19.39.27:486][ 84]LogModuleManager: Shutting down and abandoning module BspMode (159)
[2015.03.02-19.39.27:486][ 84]LogModuleManager: Shutting down and abandoning module PlacementMode (158)
[2015.03.02-19.39.27:486][ 84]LogModuleManager: Shutting down and abandoning module AutomationWorker (157)
[2015.03.02-19.39.27:486][ 84]LogModuleManager: Shutting down and abandoning module CharacterAI (156)
[2015.03.02-19.39.27:486][ 84]LogModuleManager: Shutting down and abandoning module GameProjectGeneration (155)
[2015.03.02-19.39.27:486][ 84]LogModuleManager: Shutting down and abandoning module IntroTutorials (154)
[2015.03.02-19.39.27:487][ 84]LogModuleManager: Shutting down and abandoning module EditorLiveStreaming (153)
[2015.03.02-19.39.27:487][ 84]LogModuleManager: Shutting down and abandoning module HardwareTargeting (152)
[2015.03.02-19.39.27:487][ 84]LogModuleManager: Shutting down and abandoning module DeviceProfileEditor (151)
[2015.03.02-19.39.27:487][ 84]LogModuleManager: Shutting down and abandoning module UndoHistory (150)
[2015.03.02-19.39.27:487][ 84]LogModuleManager: Shutting down and abandoning module GameplayTagsEditor (149)
[2015.03.02-19.39.27:487][ 84]LogModuleManager: Shutting down and abandoning module UserFeedback (148)
[2015.03.02-19.39.27:487][ 84]LogModuleManager: Shutting down and abandoning module XmlParser (147)
[2015.03.02-19.39.27:487][ 84]LogModuleManager: Shutting down and abandoning module Blutility (146)
[2015.03.02-19.39.27:487][ 84]LogModuleManager: Shutting down and abandoning module IOSPlatformEditor (145)
[2015.03.02-19.39.27:487][ 84]LogModuleManager: Shutting down and abandoning module IOSRuntimeSettings (144)
[2015.03.02-19.39.27:487][ 84]LogModuleManager: Shutting down and abandoning module AndroidPlatformEditor (143)
[2015.03.02-19.39.27:487][ 84]LogModuleManager: Shutting down and abandoning module AndroidRuntimeSettings (142)
[2015.03.02-19.39.27:487][ 84]LogModuleManager: Shutting down and abandoning module ProjectTargetPlatformEditor (141)
[2015.03.02-19.39.27:487][ 84]LogModuleManager: Shutting down and abandoning module ProjectSettingsViewer (140)
[2015.03.02-19.39.27:487][ 84]LogModuleManager: Shutting down and abandoning module InputBindingEditor (139)
[2015.03.02-19.39.27:487][ 84]LogModuleManager: Shutting down and abandoning module EditorSettingsViewer (138)
[2015.03.02-19.39.27:487][ 84]LogModuleManager: Shutting down and abandoning module SettingsEditor (137)
[2015.03.02-19.39.27:487][ 84]LogModuleManager: Shutting down and abandoning module ProjectLauncher (136)
[2015.03.02-19.39.27:487][ 84]LogModuleManager: Shutting down and abandoning module SessionFrontend (135)
[2015.03.02-19.39.27:487][ 84]LogModuleManager: Shutting down and abandoning module ProfilerClient (134)
[2015.03.02-19.39.27:487][ 84]LogModuleManager: Shutting down and abandoning module TargetDeviceServices (133)
[2015.03.02-19.39.27:487][ 84]LogModuleManager: Shutting down and abandoning module DeviceManager (132)
[2015.03.02-19.39.27:487][ 84]LogModuleManager: Shutting down and abandoning module AutomationController (131)
[2015.03.02-19.39.27:487][ 84]LogModuleManager: Shutting down and abandoning module AutomationWindow (130)
[2015.03.02-19.39.27:487][ 84]LogModuleManager: Shutting down and abandoning module Layers (129)
[2015.03.02-19.39.27:487][ 84]LogModuleManager: Shutting down and abandoning module ComponentVisualizers (128)
[2015.03.02-19.39.27:487][ 84]LogModuleManager: Shutting down and abandoning module DetailCustomizations (127)
[2015.03.02-19.39.27:487][ 84]LogModuleManager: Shutting down and abandoning module PackagesDialog (126)
[2015.03.02-19.39.27:487][ 84]LogModuleManager: Shutting down and abandoning module AssetRegistry (125)
[2015.03.02-19.39.27:526][ 84]LogModuleManager: Shutting down and abandoning module Persona (124)
[2015.03.02-19.39.27:526][ 84]LogModuleManager: Shutting down and abandoning module Kismet (123)
[2015.03.02-19.39.27:527][ 84]LogModuleManager: Shutting down and abandoning module GraphEditor (122)
[2015.03.02-19.39.27:527][ 84]LogModuleManager: Shutting down and abandoning module ClassViewer (121)
[2015.03.02-19.39.27:527][ 84]LogModuleManager: Shutting down and abandoning module Toolbox (120)
[2015.03.02-19.39.27:527][ 84]LogModuleManager: Shutting down and abandoning module ModuleUI (119)
[2015.03.02-19.39.27:527][ 84]LogModuleManager: Shutting down and abandoning module MovieSceneTools (118)
[2015.03.02-19.39.27:527][ 84]LogModuleManager: Shutting down and abandoning module OutputLog (117)
[2015.03.02-19.39.27:527][ 84]LogModuleManager: Shutting down and abandoning module GammaUI (116)
[2015.03.02-19.39.27:527][ 84]LogModuleManager: Shutting down and abandoning module Documentation (115)
[2015.03.02-19.39.27:527][ 84]LogModuleManager: Shutting down and abandoning module GameLiveStreaming (114)
[2015.03.02-19.39.27:527][ 84]LogModuleManager: Shutting down and abandoning module StreamingPauseRendering (113)
[2015.03.02-19.39.27:527][ 84]LogModuleManager: Shutting down and abandoning module HTTP (112)
[2015.03.02-19.39.27:527][ 84]LogModuleManager: Shutting down and abandoning module AnalyticsET (111)
[2015.03.02-19.39.27:527][ 84]LogModuleManager: Shutting down and abandoning module Analytics (110)
[2015.03.02-19.39.27:527][ 84]LogModuleManager: Shutting down and abandoning module AITestSuite (109)
[2015.03.02-19.39.27:527][ 84]LogModuleManager: Shutting down and abandoning module AIModule (108)
[2015.03.02-19.39.27:527][ 84]LogModuleManager: Shutting down and abandoning module ProfilerService (107)
[2015.03.02-19.39.27:749][ 84]LogModuleManager: Shutting down and abandoning module TaskGraph (106)
[2015.03.02-19.39.27:749][ 84]LogModuleManager: Shutting down and abandoning module GameplayDebugger (105)
[2015.03.02-19.39.27:749][ 84]LogModuleManager: Shutting down and abandoning module SlateRemote (104)
[2015.03.02-19.39.27:749][ 84]LogModuleManager: Shutting down and abandoning module ScriptEditorPlugin (103)
[2015.03.02-19.39.27:749][ 84]LogModuleManager: Shutting down and abandoning module CustomMeshComponent (102)
[2015.03.02-19.39.27:749][ 84]LogModuleManager: Shutting down and abandoning module CableComponent (101)
[2015.03.02-19.39.27:749][ 84]LogModuleManager: Shutting down and abandoning module MessagingDebugger (100)
[2015.03.02-19.39.27:749][ 84]LogModuleManager: Shutting down and abandoning module MediaPlayerEditor (99)
[2015.03.02-19.39.27:749][ 84]LogModuleManager: Shutting down and abandoning module SpeedTreeImporter (98)
[2015.03.02-19.39.27:749][ 84]LogModuleManager: Shutting down and abandoning module PluginsEditor (97)
[2015.03.02-19.39.27:749][ 84]LogModuleManager: Shutting down and abandoning module EpicSurvey (96)
[2015.03.02-19.39.27:749][ 84]LogModuleManager: Shutting down and abandoning module DesktopPlatform (95)
[2015.03.02-19.39.27:749][ 84]LogModuleManager: Shutting down and abandoning module VisualStudioSourceCodeAccess (94)
[2015.03.02-19.39.27:749][ 84]LogModuleManager: Shutting down and abandoning module UObjectPlugin (93)
[2015.03.02-19.39.27:749][ 84]LogModuleManager: Shutting down and abandoning module SubversionSourceControl (92)
[2015.03.02-19.39.27:749][ 84]LogModuleManager: Shutting down and abandoning module SourceControl (91)
[2015.03.02-19.39.27:749][ 84]LogModuleManager: Shutting down and abandoning module PerforceSourceControl (90)
[2015.03.02-19.39.27:749][ 84]LogModuleManager: Shutting down and abandoning module BlankPlugin (89)
[2015.03.02-19.39.27:749][ 84]LogModuleManager: Shutting down and abandoning module SlateReflector (88)
[2015.03.02-19.39.27:749][ 84]LogModuleManager: Shutting down and abandoning module DirectoryWatcher (87)
[2015.03.02-19.39.27:750][ 84]LogModuleManager: Shutting down and abandoning module HotReload (86)
[2015.03.02-19.39.27:750][ 84]LogModuleManager: Shutting down and abandoning module MainFrame (85)
[2015.03.02-19.39.27:750][ 84]LogModuleManager: Shutting down and abandoning module LevelEditor (84)
[2015.03.02-19.39.27:751][ 84]LogModuleManager: Shutting down and abandoning module ViewportSnapping (83)
[2015.03.02-19.39.27:751][ 84]LogModuleManager: Shutting down and abandoning module SmartSnapping (82)
[2015.03.02-19.39.27:751][ 84]LogModuleManager: Shutting down and abandoning module PaperTiledImporter (81)
[2015.03.02-19.39.27:751][ 84]LogModuleManager: Shutting down and abandoning module PaperJsonImporter (80)
[2015.03.02-19.39.27:751][ 84]LogModuleManager: Shutting down and abandoning module ContentBrowser (79)
[2015.03.02-19.39.27:751][ 84]LogModuleManager: Shutting down and abandoning module Paper2DEditor (78)
[2015.03.02-19.39.27:751][ 84]LogModuleManager: Shutting down and abandoning module ScriptPlugin (77)
[2015.03.02-19.39.27:751][ 84]LogModuleManager: Shutting down and abandoning module UdpMessaging (76)
[2015.03.02-19.39.27:852][ 84]LogModuleManager: Shutting down and abandoning module Paper2D (75)
[2015.03.02-19.39.27:852][ 84]LogModuleManager: Shutting down and abandoning module UE4Game (74)
[2015.03.02-19.39.27:852][ 84]LogModuleManager: Shutting down and abandoning module WindowsMoviePlayer (73)
[2015.03.02-19.39.27:854][ 84]LogModuleManager: Shutting down and abandoning module Media (72)
[2015.03.02-19.39.27:854][ 84]LogModuleManager: Shutting down and abandoning module WmfMedia (71)
[2015.03.02-19.39.27:854][ 84]LogModuleManager: Shutting down and abandoning module OnlineBlueprintSupport (70)
[2015.03.02-19.39.27:854][ 84]LogModuleManager: Shutting down and abandoning module PropertyEditor (69)
[2015.03.02-19.39.27:854][ 84]LogModuleManager: Shutting down and abandoning module BehaviorTreeEditor (68)
[2015.03.02-19.39.27:854][ 84]LogModuleManager: Shutting down and abandoning module FunctionalTesting (67)
[2015.03.02-19.39.27:854][ 84]LogModuleManager: Shutting down and abandoning module CollisionAnalyzer (66)
[2015.03.02-19.39.27:854][ 84]LogModuleManager: Shutting down and abandoning module WorkspaceMenuStructure (65)
[2015.03.02-19.39.27:854][ 84]LogModuleManager: Shutting down and abandoning module MessageLog (64)
[2015.03.02-19.39.27:854][ 84]LogModuleManager: Shutting down and abandoning module Sequencer (63)
[2015.03.02-19.39.27:854][ 84]LogModuleManager: Shutting down and abandoning module AssetTools (62)
[2015.03.02-19.39.27:854][ 84]LogModuleManager: Shutting down and abandoning module UMGEditor (61)
[2015.03.02-19.39.27:854][ 84]LogModuleManager: Shutting down and abandoning module UMG (60)
[2015.03.02-19.39.27:854][ 84]LogModuleManager: Shutting down and abandoning module Slate (59)
[2015.03.02-19.39.27:854][ 84]LogModuleManager: Shutting down and abandoning module EditorStyle (58)
[2015.03.02-19.39.27:857][ 84]LogModuleManager: Shutting down and abandoning module SessionServices (57)
[2015.03.02-19.39.27:857][ 84]LogModuleManager: Shutting down and abandoning module SourceCodeAccess (56)
[2015.03.02-19.39.27:857][ 84]LogModuleManager: Shutting down and abandoning module HeadMountedDisplay (55)
[2015.03.02-19.39.27:857][ 84]LogModuleManager: Shutting down and abandoning module XAudio2 (54)
[2015.03.02-19.39.27:857][ 84]LogModuleManager: Shutting down and abandoning module Networking (52)
[2015.03.02-19.39.27:857][ 84]LogModuleManager: Shutting down and abandoning module Core (51)
[2015.03.02-19.39.27:857][ 84]LogModuleManager: Shutting down and abandoning module KismetCompiler (50)
[2015.03.02-19.39.27:857][ 84]LogModuleManager: Shutting down and abandoning module PhysXFormats (49)
[2015.03.02-19.39.27:857][ 84]LogModuleManager: Shutting down and abandoning module MeshUtilities (48)
[2015.03.02-19.39.27:857][ 84]LogModuleManager: Shutting down and abandoning module DerivedDataCache (47)
[2015.03.02-19.39.27:937][ 84]LogDerivedDataCache: Shutdown
[2015.03.02-19.39.27:937][ 84]LogModuleManager: Shutting down and abandoning module ShaderFormatOpenGL (46)
[2015.03.02-19.39.27:937][ 84]LogModuleManager: Shutting down and abandoning module ShaderFormatD3D (45)
[2015.03.02-19.39.27:937][ 84]LogModuleManager: Shutting down and abandoning module MetalShaderFormat (44)
[2015.03.02-19.39.27:937][ 84]LogModuleManager: Shutting down and abandoning module TextureFormatUncompressed (43)
[2015.03.02-19.39.27:937][ 84]LogModuleManager: Shutting down and abandoning module TextureFormatPVR (42)
[2015.03.02-19.39.27:937][ 84]LogModuleManager: Shutting down and abandoning module TextureFormatDXT (41)
[2015.03.02-19.39.27:937][ 84]LogModuleManager: Shutting down and abandoning module TextureFormatAndroid (40)
[2015.03.02-19.39.27:937][ 84]LogModuleManager: Shutting down and abandoning module AudioFormatOpus (39)
[2015.03.02-19.39.27:937][ 84]LogModuleManager: Shutting down and abandoning module AudioFormatOgg (38)
[2015.03.02-19.39.27:937][ 84]LogModuleManager: Shutting down and abandoning module AudioFormatADPCM (37)
[2015.03.02-19.39.27:937][ 84]LogModuleManager: Shutting down and abandoning module LinuxTargetPlatform (36)
[2015.03.02-19.39.27:937][ 84]LogModuleManager: Shutting down and abandoning module LinuxServerTargetPlatform (35)
[2015.03.02-19.39.27:937][ 84]LogModuleManager: Shutting down and abandoning module LinuxNoEditorTargetPlatform (34)
[2015.03.02-19.39.27:937][ 84]LogModuleManager: Shutting down and abandoning module Messaging (33)
[2015.03.02-19.39.27:937][ 84]LogModuleManager: Shutting down and abandoning module IOSTargetPlatform (32)
[2015.03.02-19.39.27:937][ 84]LogModuleManager: Shutting down and abandoning module Android_PVRTCTargetPlatform (31)
[2015.03.02-19.39.27:937][ 84]LogModuleManager: Shutting down and abandoning module Android_ETC2TargetPlatform (30)
[2015.03.02-19.39.27:937][ 84]LogModuleManager: Shutting down and abandoning module Android_ETC1TargetPlatform (29)
[2015.03.02-19.39.27:937][ 84]LogModuleManager: Shutting down and abandoning module Android_DXTTargetPlatform (28)
[2015.03.02-19.39.27:937][ 84]LogModuleManager: Shutting down and abandoning module Android_ATCTargetPlatform (27)
[2015.03.02-19.39.27:937][ 84]LogModuleManager: Shutting down and abandoning module AndroidTargetPlatform (26)
[2015.03.02-19.39.27:937][ 84]LogModuleManager: Shutting down and abandoning module WindowsTargetPlatform (25)
[2015.03.02-19.39.27:938][ 84]LogModuleManager: Shutting down and abandoning module WindowsServerTargetPlatform (24)
[2015.03.02-19.39.27:938][ 84]LogModuleManager: Shutting down and abandoning module WindowsNoEditorTargetPlatform (23)
[2015.03.02-19.39.27:938][ 84]LogModuleManager: Shutting down and abandoning module WindowsClientTargetPlatform (22)
[2015.03.02-19.39.27:938][ 84]LogModuleManager: Shutting down and abandoning module TargetPlatform (21)
[2015.03.02-19.39.27:938][ 84]LogModuleManager: Shutting down and abandoning module InputCore (20)
[2015.03.02-19.39.27:938][ 84]LogModuleManager: Shutting down and abandoning module Settings (19)
[2015.03.02-19.39.27:938][ 84]LogModuleManager: Shutting down and abandoning module ImageWrapper (18)
[2015.03.02-19.39.27:938][ 84]LogModuleManager: Shutting down and abandoning module OculusRift (15)
[2015.03.02-19.39.27:938][ 84]LogModuleManager: Shutting down and abandoning module ExampleDeviceProfileSelector (14)
[2015.03.02-19.39.27:938][ 84]LogModuleManager: Shutting down and abandoning module TextureCompressor (13)
[2015.03.02-19.39.27:938][ 84]LogModuleManager: Shutting down and abandoning module ShaderCore (12)
[2015.03.02-19.39.27:938][ 84]LogModuleManager: Shutting down and abandoning module Landscape (11)
[2015.03.02-19.39.27:938][ 84]LogModuleManager: Shutting down and abandoning module SlateRHIRenderer (10)
[2015.03.02-19.39.27:939][ 84]LogModuleManager: Shutting down and abandoning module OpenGLDrv (9)
[2015.03.02-19.39.27:939][ 84]LogModuleManager: Shutting down and abandoning module D3D11RHI (8)
[2015.03.02-19.39.27:939][ 84]LogModuleManager: Shutting down and abandoning module Renderer (7)
[2015.03.02-19.39.27:939][ 84]LogModuleManager: Shutting down and abandoning module Engine (6)
[2015.03.02-19.39.27:940][ 84]LogModuleManager: Shutting down and abandoning module CoreUObject (5)
[2015.03.02-19.39.27:940][ 84]LogModuleManager: Shutting down and abandoning module NetworkFile (4)
[2015.03.02-19.39.27:940][ 84]LogModuleManager: Shutting down and abandoning module StreamingFile (3)
[2015.03.02-19.39.27:940][ 84]LogModuleManager: Shutting down and abandoning module SandboxFile (2)
[2015.03.02-19.39.27:940][ 84]LogModuleManager: Shutting down and abandoning module PakFile (1)
[2015.03.02-19.39.27:941][ 84]LogExit: Exiting.
[2015.03.02-19.39.27:975][ 84]Log file closed, 03/02/15 13:39:27
